<?xml version="1.0" encoding="UTF-8"?>
<testng-results ignored="0" total="1" passed="1" failed="0" skipped="0">
  <reporter-output>
  </reporter-output>
  <suite started-at="2025-01-26T11:03:30 IST" name="Default suite" finished-at="2025-01-26T11:03:55 IST" duration-ms="25431">
    <groups>
    </groups>
    <test started-at="2025-01-26T11:03:30 IST" name="Default test" finished-at="2025-01-26T11:03:55 IST" duration-ms="25431">
      <class name="loginTest.ValidLoginTest">
        <test-method signature="validLogin()[pri:0, instance:loginTest.ValidLoginTest@4135c3b]" started-at="2025-01-26T11:03:30 IST" name="validLogin" finished-at="2025-01-26T11:03:55 IST" duration-ms="25316" status="PASS">
          <reporter-output>
          </reporter-output>
        </test-method> <!-- validLogin -->
      </class> <!-- loginTest.ValidLoginTest -->
    </test> <!-- Default test -->
  </suite> <!-- Default suite -->
</testng-results>
